2025-12-04 19:25:41,438 - INFO - [31m[1mWARNING: This is a development server. Do not use it in a production deployment. Use a production WSGI server instead.[0m
 * Running on http://127.0.0.1:5000
2025-12-04 19:25:41,438 - INFO - [33mPress CTRL+C to quit[0m
2025-12-04 19:25:41,439 - INFO -  * Restarting with stat
2025-12-04 19:25:41,764 - WARNING -  * Debugger is active!
2025-12-04 19:25:41,767 - INFO -  * Debugger PIN: 188-102-824
2025-12-04 19:26:05,035 - INFO -  * Detected change in 'd:\\flask_api\\app_log.py', reloading
2025-12-04 19:26:05,063 - INFO -  * Restarting with stat
2025-12-04 19:26:05,395 - WARNING -  * Debugger is active!
2025-12-04 19:26:05,398 - INFO -  * Debugger PIN: 188-102-824
2025-12-04 19:26:19,765 - INFO - [31m[1mWARNING: This is a development server. Do not use it in a production deployment. Use a production WSGI server instead.[0m
 * Running on http://127.0.0.1:5000
2025-12-04 19:26:19,766 - INFO - [33mPress CTRL+C to quit[0m
2025-12-04 19:26:19,767 - INFO -  * Restarting with stat
2025-12-04 19:26:20,179 - WARNING -  * Debugger is active!
2025-12-04 19:26:20,183 - INFO -  * Debugger PIN: 188-102-824
2025-12-04 19:26:37,380 - INFO -  * Detected change in 'd:\\flask_api\\app_log.py', reloading
2025-12-04 19:26:37,412 - INFO -  * Restarting with stat
2025-12-04 19:26:37,746 - WARNING -  * Debugger is active!
2025-12-04 19:26:37,750 - INFO -  * Debugger PIN: 188-102-824
